Build started 2/4/2014 12:41:16 AM.
     1>Project "C:\of_v0.7.4_vs2010_release\apps\myApps\lamaquina\maquina_1_0.vcxproj" on node 2 (build target(s)).
     1>InitializeBuildStatus:
         Touching "obj\Debug\maquina_1_0.unsuccessfulbuild".
       ClCompile:
         C:\Program Files (x86)\Microsoft Visual Studio 10.0\VC\bin\CL.exe /c /I..\..\..\libs\openFrameworks /I..\..\..\libs\openFrameworks\graphics /I..\..\..\libs\openFrameworks\app /I..\..\..\libs\openFrameworks\sound /I..\..\..\libs\openFrameworks\utils /I..\..\..\libs\openFrameworks\communication /I..\..\..\libs\openFrameworks\video /I..\..\..\libs\openFrameworks\types /I..\..\..\libs\openFrameworks\math /I..\..\..\libs\openFrameworks\3d /I..\..\..\libs\openFrameworks\gl /I..\..\..\libs\openFrameworks\events /I..\..\..\libs\glut\include /I..\..\..\libs\rtAudio\include /I..\..\..\libs\quicktime\include /I..\..\..\libs\freetype\include /I..\..\..\libs\freetype\include\freetype2 /I..\..\..\libs\freeImage\include /I..\..\..\libs\fmodex\include /I..\..\..\libs\videoInput\include /I..\..\..\libs\glew\include\ /I..\..\..\libs\glu\include /I..\..\..\libs\tess2\include /I..\..\..\libs\cairo\include\cairo /I..\..\..\libs\poco\include /I..\..\..\addons /I..\..\..\addons\ofxOsc\libs /I..\..\..\addons\ofxOsc\src /I..\..\..\addons\ofxOsc\libs\oscpack /I..\..\..\addons\ofxOsc\libs\oscpack\src /I..\..\..\addons\ofxOsc\libs\oscpack\src\ip /I..\..\..\addons\ofxOsc\libs\oscpack\src\ip\posix /I..\..\..\addons\ofxOsc\libs\oscpack\src\ip\win32 /I..\..\..\addons\ofxOsc\libs\oscpack\src\osc /I../../../../OculusSDK/LibOVR/Include /ZI /nologo /W3 /WX- /Od /Oy- /D WIN32 /D _DEBUG /D _CONSOLE /D POCO_STATIC /D CAIRO_WIN32_STATIC_BUILD /D DISABLE_SOME_FLOATING_POINT /D _UNICODE /D UNICODE /Gm /EHsc /RTC1 /MDd /GS /fp:precise /Zc:wchar_t /Zc:forScope /Fo"obj\Debug\\" /Fd"obj\Debug\vc100.pdb" /Gd /TP /analyze- /errorReport:prompt ..\..\..\addons\ofxOpenCv\src\ofxCvColorImage.cpp ..\..\..\addons\ofxOpenCv\src\ofxCvContourFinder.cpp ..\..\..\addons\ofxOpenCv\src\ofxCvFloatImage.cpp ..\..\..\addons\ofxOpenCv\src\ofxCvGrayscaleImage.cpp ..\..\..\addons\ofxOpenCv\src\ofxCvHaarFinder.cpp ..\..\..\addons\ofxOpenCv\src\ofxCvImage.cpp ..\..\..\addons\ofxOpenCv\src\ofxCvShortImage.cpp src\main.cpp src\testApp.cpp ..\..\..\addons\ofxOsc\src\ofxOscBundle.cpp ..\..\..\addons\ofxOsc\src\ofxOscMessage.cpp ..\..\..\addons\ofxOsc\src\ofxOscReceiver.cpp ..\..\..\addons\ofxOsc\src\ofxOscSender.cpp ..\..\..\addons\ofxOsc\libs\oscpack\src\ip\IpEndpointName.cpp ..\..\..\addons\ofxOsc\libs\oscpack\src\ip\posix\NetworkingUtils.cpp ..\..\..\addons\ofxOsc\libs\oscpack\src\ip\posix\UdpSocket.cpp ..\..\..\addons\ofxOsc\libs\oscpack\src\ip\win32\NetworkingUtilsWin.cpp ..\..\..\addons\ofxOsc\libs\oscpack\src\ip\win32\UdpSocketWin.cpp ..\..\..\addons\ofxOsc\libs\oscpack\src\osc\OscOutboundPacketStream.cpp ..\..\..\addons\ofxOsc\libs\oscpack\src\osc\OscPrintReceivedElements.cpp ..\..\..\addons\ofxOsc\libs\oscpack\src\osc\OscReceivedElements.cpp ..\..\..\addons\ofxOsc\libs\oscpack\src\osc\OscTypes.cpp
         OscTypes.cpp
         OscReceivedElements.cpp
         OscPrintReceivedElements.cpp
     1>c:\of_v0.7.4_vs2010_release\addons\ofxosc\libs\oscpack\src\osc\oscprintreceivedelements.cpp(118): warning C4996: 'ctime': This function or variable may be unsafe. Consider using ctime_s instead. To disable deprecation, use _CRT_SECURE_NO_WARNINGS. See online help for details.
                 c:\program files (x86)\microsoft visual studio 10.0\vc\include\time.inl(86) : see declaration of 'ctime'
     1>c:\of_v0.7.4_vs2010_release\addons\ofxosc\libs\oscpack\src\osc\oscprintreceivedelements.cpp(121): warning C4996: 'strcpy': This function or variable may be unsafe. Consider using strcpy_s instead. To disable deprecation, use _CRT_SECURE_NO_WARNINGS. See online help for details.
                 c:\program files (x86)\microsoft visual studio 10.0\vc\include\string.h(105) : see declaration of 'strcpy'
         OscOutboundPacketStream.cpp
     1>c:\of_v0.7.4_vs2010_release\addons\ofxosc\libs\oscpack\src\osc\oscoutboundpacketstream.cpp(339): warning C4996: 'strcpy': This function or variable may be unsafe. Consider using strcpy_s instead. To disable deprecation, use _CRT_SECURE_NO_WARNINGS. See online help for details.
                 c:\program files (x86)\microsoft visual studio 10.0\vc\include\string.h(105) : see declaration of 'strcpy'
     1>c:\of_v0.7.4_vs2010_release\addons\ofxosc\libs\oscpack\src\osc\oscoutboundpacketstream.cpp(581): warning C4996: 'strcpy': This function or variable may be unsafe. Consider using strcpy_s instead. To disable deprecation, use _CRT_SECURE_NO_WARNINGS. See online help for details.
                 c:\program files (x86)\microsoft visual studio 10.0\vc\include\string.h(105) : see declaration of 'strcpy'
     1>c:\of_v0.7.4_vs2010_release\addons\ofxosc\libs\oscpack\src\osc\oscoutboundpacketstream.cpp(601): warning C4996: 'strcpy': This function or variable may be unsafe. Consider using strcpy_s instead. To disable deprecation, use _CRT_SECURE_NO_WARNINGS. See online help for details.
                 c:\program files (x86)\microsoft visual studio 10.0\vc\include\string.h(105) : see declaration of 'strcpy'
         UdpSocketWin.cpp
         NetworkingUtilsWin.cpp
         UdpSocket.cpp
         NetworkingUtils.cpp
         IpEndpointName.cpp
     1>c:\of_v0.7.4_vs2010_release\addons\ofxosc\libs\oscpack\src\ip\ipendpointname.cpp(46): warning C4996: 'sprintf': This function or variable may be unsafe. Consider using sprintf_s instead. To disable deprecation, use _CRT_SECURE_NO_WARNINGS. See online help for details.
                 c:\program files (x86)\microsoft visual studio 10.0\vc\include\stdio.h(371) : see declaration of 'sprintf'
     1>c:\of_v0.7.4_vs2010_release\addons\ofxosc\libs\oscpack\src\ip\ipendpointname.cpp(52): warning C4996: 'sprintf': This function or variable may be unsafe. Consider using sprintf_s instead. To disable deprecation, use _CRT_SECURE_NO_WARNINGS. See online help for details.
                 c:\program files (x86)\microsoft visual studio 10.0\vc\include\stdio.h(371) : see declaration of 'sprintf'
     1>c:\of_v0.7.4_vs2010_release\addons\ofxosc\libs\oscpack\src\ip\ipendpointname.cpp(61): warning C4996: 'sprintf': This function or variable may be unsafe. Consider using sprintf_s instead. To disable deprecation, use _CRT_SECURE_NO_WARNINGS. See online help for details.
                 c:\program files (x86)\microsoft visual studio 10.0\vc\include\stdio.h(371) : see declaration of 'sprintf'
     1>c:\of_v0.7.4_vs2010_release\addons\ofxosc\libs\oscpack\src\ip\ipendpointname.cpp(67): warning C4996: 'sprintf': This function or variable may be unsafe. Consider using sprintf_s instead. To disable deprecation, use _CRT_SECURE_NO_WARNINGS. See online help for details.
                 c:\program files (x86)\microsoft visual studio 10.0\vc\include\stdio.h(371) : see declaration of 'sprintf'
     1>c:\of_v0.7.4_vs2010_release\addons\ofxosc\libs\oscpack\src\ip\ipendpointname.cpp(71): warning C4996: 'sprintf': This function or variable may be unsafe. Consider using sprintf_s instead. To disable deprecation, use _CRT_SECURE_NO_WARNINGS. See online help for details.
                 c:\program files (x86)\microsoft visual studio 10.0\vc\include\stdio.h(371) : see declaration of 'sprintf'
     1>c:\of_v0.7.4_vs2010_release\addons\ofxosc\libs\oscpack\src\ip\ipendpointname.cpp(78): warning C4996: 'sprintf': This function or variable may be unsafe. Consider using sprintf_s instead. To disable deprecation, use _CRT_SECURE_NO_WARNINGS. See online help for details.
                 c:\program files (x86)\microsoft visual studio 10.0\vc\include\stdio.h(371) : see declaration of 'sprintf'
         ofxOscSender.cpp
         ofxOscReceiver.cpp
         ofxOscMessage.cpp
     1>c:\of_v0.7.4_vs2010_release\addons\ofxosc\src\ofxoscmessage.cpp(93): warning C4244: 'return' : conversion from 'float' to 'int32_t', possible loss of data
     1>c:\of_v0.7.4_vs2010_release\addons\ofxosc\src\ofxoscmessage.cpp(112): warning C4244: 'return' : conversion from 'float' to 'uint64_t', possible loss of data
     1>c:\of_v0.7.4_vs2010_release\addons\ofxosc\src\ofxoscmessage.cpp(132): warning C4244: 'return' : conversion from 'int32_t' to 'float', possible loss of data
         ofxOscBundle.cpp
         testApp.cpp
         main.cpp
         ofxCvShortImage.cpp
     1>c:\of_v0.7.4_vs2010_release\addons\ofxopencv\src\ofxcvconstants.h(11): fatal error C1083: Cannot open include file: 'cv.h': No such file or directory
         ofxCvImage.cpp
     1>c:\of_v0.7.4_vs2010_release\addons\ofxopencv\src\ofxcvconstants.h(11): fatal error C1083: Cannot open include file: 'cv.h': No such file or directory
         ofxCvHaarFinder.cpp
     1>c:\of_v0.7.4_vs2010_release\addons\ofxopencv\src\ofxcvconstants.h(11): fatal error C1083: Cannot open include file: 'cv.h': No such file or directory
         ofxCvGrayscaleImage.cpp
     1>c:\of_v0.7.4_vs2010_release\addons\ofxopencv\src\ofxcvconstants.h(11): fatal error C1083: Cannot open include file: 'cv.h': No such file or directory
         ofxCvFloatImage.cpp
     1>c:\of_v0.7.4_vs2010_release\addons\ofxopencv\src\ofxcvconstants.h(11): fatal error C1083: Cannot open include file: 'cv.h': No such file or directory
         Generating Code...
         Compiling...
         ofxCvContourFinder.cpp
     1>c:\of_v0.7.4_vs2010_release\addons\ofxopencv\src\ofxcvconstants.h(11): fatal error C1083: Cannot open include file: 'cv.h': No such file or directory
         ofxCvColorImage.cpp
     1>c:\of_v0.7.4_vs2010_release\addons\ofxopencv\src\ofxcvconstants.h(11): fatal error C1083: Cannot open include file: 'cv.h': No such file or directory
         Generating Code...
     1>Done Building Project "C:\of_v0.7.4_vs2010_release\apps\myApps\lamaquina\maquina_1_0.vcxproj" (build target(s)) -- FAILED.

Build FAILED.

Time Elapsed 00:00:23.87
